<?xml version="1.0" encoding="UTF-8"?>
<!-- Generated by org.testng.reporters.JUnitXMLReporter -->
<testsuite hostname="DASHD2" ignored="15" name="CreatePackage" tests="5" failures="1" timestamp="20 Nov 2017 12:50:10 GMT" time="41.12" errors="0">
  <testcase name="login" time="8.839" classname="com.framework.pageObject.Login"/>
  <testcase name="simPackageHome" time="0.981" classname="com.test.regression.VerifySIMPackege"/>
  <testcase name="createPackage" time="1.092" classname="com.test.regression.VerifySIMPackege">
    <failure type="java.lang.AssertionError" message="expected [true] but found [false]">
      <![CDATA[java.lang.AssertionError: expected [true] but found [false]
	at com.test.regression.VerifySIMPackege.createPackage(VerifySIMPackege.java:51)
... Removed 29 stack frames]]>
    </failure>
  </testcase> <!-- createPackage -->
  <testcase name="verifyTechProfCreation" time="0.016" classname="com.test.regression.VerifyTPCreation"/>
  <testcase name="logOut" time="0.359" classname="com.framework.pageObject.Logout"/>
  <testcase name="@BeforeTest setUpApplication" time="0.0" classname="com.framework.testbase.TestBsae">
    <ignored/>
  </testcase> <!-- @BeforeTest setUpApplication -->
  <testcase name="@BeforeTest extentReports" time="0.0" classname="com.framework.testbase.TestBsae">
    <ignored/>
  </testcase> <!-- @BeforeTest extentReports -->
  <testcase name="@BeforeTest setUpApplication" time="0.0" classname="com.framework.testbase.TestBsae">
    <ignored/>
  </testcase> <!-- @BeforeTest setUpApplication -->
  <testcase name="@BeforeTest extentReports" time="0.0" classname="com.framework.testbase.TestBsae">
    <ignored/>
  </testcase> <!-- @BeforeTest extentReports -->
  <testcase name="@BeforeTest setUpApplication" time="0.0" classname="com.framework.testbase.TestBsae">
    <ignored/>
  </testcase> <!-- @BeforeTest setUpApplication -->
  <testcase name="@BeforeTest extentReports" time="0.0" classname="com.framework.testbase.TestBsae">
    <ignored/>
  </testcase> <!-- @BeforeTest extentReports -->
  <testcase name="@BeforeTest loadPropertiesFile" time="0.0" classname="com.framework.testbase.TestBsae">
    <ignored/>
  </testcase> <!-- @BeforeTest loadPropertiesFile -->
  <testcase name="@BeforeTest loadPropertiesFile" time="0.0" classname="com.framework.testbase.TestBsae">
    <ignored/>
  </testcase> <!-- @BeforeTest loadPropertiesFile -->
  <testcase name="@BeforeTest loadPropertiesFile" time="0.0" classname="com.framework.testbase.TestBsae">
    <ignored/>
  </testcase> <!-- @BeforeTest loadPropertiesFile -->
  <testcase name="@AfterTest closeApplication" time="0.0" classname="com.framework.testbase.TestBsae">
    <ignored/>
  </testcase> <!-- @AfterTest closeApplication -->
  <testcase name="@AfterTest closeApplication" time="0.0" classname="com.framework.testbase.TestBsae">
    <ignored/>
  </testcase> <!-- @AfterTest closeApplication -->
  <testcase name="@AfterTest closeApplication" time="0.0" classname="com.framework.testbase.TestBsae">
    <ignored/>
  </testcase> <!-- @AfterTest closeApplication -->
  <testcase name="@AfterTest endExtendedReport" time="0.0" classname="com.framework.testbase.TestBsae">
    <ignored/>
  </testcase> <!-- @AfterTest endExtendedReport -->
  <testcase name="@AfterTest endExtendedReport" time="0.0" classname="com.framework.testbase.TestBsae">
    <ignored/>
  </testcase> <!-- @AfterTest endExtendedReport -->
  <testcase name="@AfterTest endExtendedReport" time="0.0" classname="com.framework.testbase.TestBsae">
    <ignored/>
  </testcase> <!-- @AfterTest endExtendedReport -->
</testsuite> <!-- CreatePackage -->
