<?xml version="1.0" encoding="UTF-8"?>
<!-- Generated by org.testng.reporters.JUnitXMLReporter -->
<testsuite hostname="DASHD2" ignored="5" name="CreatePackage2" tests="3" failures="1" timestamp="17 Nov 2017 04:01:28 GMT" time="0.189" errors="0">
  <testcase name="simPackageHome" time="0.017" classname="com.test.regression.VerifySIMPackege"/>
  <testcase name="createPackage" time="0.046" classname="com.test.regression.VerifySIMPackege"/>
  <testcase name="verifyTechProfCreation" time="0.0" classname="com.test.regression.VerifyTPCreation">
    <failure type="org.openqa.selenium.NoSuchSessionException" message="no such session
  (Driver info: chromedriver=2.33.506120 (e3e53437346286c0bc2d2dc9aa4915ba81d9023f),platform=Windows NT 6.1.7601 SP1 x86_64) (WARNING: The server did not provide any stacktrace information)
Command duration or timeout: 0 milliseconds
Build info: version: &amp;apos;3.0.1&amp;apos;, revision: &amp;apos;1969d75&amp;apos;, time: &amp;apos;2016-10-18 09:49:13 -0700&amp;apos;
System info: host: &amp;apos;DASHD2&amp;apos;, ip: &amp;apos;10.41.50.136&amp;apos;, os.name: &amp;apos;Windows 7&amp;apos;, os.arch: &amp;apos;amd64&amp;apos;, os.version: &amp;apos;6.1&amp;apos;, java.version: &amp;apos;1.8.0_91&amp;apos;
Driver info: org.openqa.selenium.chrome.ChromeDriver
Capabilities [{applicationCacheEnabled=false, rotatable=false, mobileEmulationEnabled=false, networkConnectionEnabled=false, chrome={chromedriverVersion=2.33.506120 (e3e53437346286c0bc2d2dc9aa4915ba81d9023f), userDataDir=C:\Users\dashd\AppData\Local\Temp\scoped_dir7212_8408}, takesHeapSnapshot=true, pageLoadStrategy=normal, databaseEnabled=false, handlesAlerts=true, hasTouchScreen=false, version=62.0.3202.94, platform=XP, browserConnectionEnabled=false, nativeEvents=true, acceptSslCerts=true, locationContextEnabled=true, webStorageEnabled=true, browserName=chrome, takesScreenshot=true, javascriptEnabled=true, cssSelectorsEnabled=true, setWindowRect=true, unexpectedAlertBehaviour=}]
Session ID: fdc5e887f45b51aa532da516fa89740b">
      <![CDATA[org.openqa.selenium.NoSuchSessionException: no such session
  (Driver info: chromedriver=2.33.506120 (e3e53437346286c0bc2d2dc9aa4915ba81d9023f),platform=Windows NT 6.1.7601 SP1 x86_64) (WARNING: The server did not provide any stacktrace information)
Command duration or timeout: 0 milliseconds
Build info: version: '3.0.1', revision: '1969d75', time: '2016-10-18 09:49:13 -0700'
System info: host: 'DASHD2', ip: '10.41.50.136', os.name: 'Windows 7', os.arch: 'amd64', os.version: '6.1', java.version: '1.8.0_91'
Driver info: org.openqa.selenium.chrome.ChromeDriver
Capabilities [{applicationCacheEnabled=false, rotatable=false, mobileEmulationEnabled=false, networkConnectionEnabled=false, chrome={chromedriverVersion=2.33.506120 (e3e53437346286c0bc2d2dc9aa4915ba81d9023f), userDataDir=C:\Users\dashd\AppData\Local\Temp\scoped_dir7212_8408}, takesHeapSnapshot=true, pageLoadStrategy=normal, databaseEnabled=false, handlesAlerts=true, hasTouchScreen=false, version=62.0.3202.94, platform=XP, browserConnectionEnabled=false, nativeEvents=true, acceptSslCerts=true, locationContextEnabled=true, webStorageEnabled=true, browserName=chrome, takesScreenshot=true, javascriptEnabled=true, cssSelectorsEnabled=true, setWindowRect=true, unexpectedAlertBehaviour=}]
Session ID: fdc5e887f45b51aa532da516fa89740b
	at org.openqa.selenium.remote.ErrorHandler.createThrowable(ErrorHandler.java:216)
	at org.openqa.selenium.remote.ErrorHandler.throwIfResponseFailed(ErrorHandler.java:168)
	at org.openqa.selenium.remote.RemoteWebDriver.execute(RemoteWebDriver.java:635)
	at org.openqa.selenium.remote.RemoteWebDriver.execute(RemoteWebDriver.java:658)
	at org.openqa.selenium.remote.RemoteWebDriver.getTitle(RemoteWebDriver.java:326)
	at com.test.regression.VerifyTPCreation.verifyTechProfCreation(VerifyTPCreation.java:18)
... Removed 29 stack frames]]>
    </failure>
  </testcase> <!-- verifyTechProfCreation -->
  <testcase name="@BeforeTest loadPropertiesFile" time="0.0" classname="com.framework.testbase.TestBsae">
    <ignored/>
  </testcase> <!-- @BeforeTest loadPropertiesFile -->
  <testcase name="@AfterTest closeApplication" time="0.0" classname="com.framework.testbase.TestBsae">
    <ignored/>
  </testcase> <!-- @AfterTest closeApplication -->
  <testcase name="@BeforeTest extentReports" time="0.0" classname="com.framework.testbase.TestBsae">
    <ignored/>
  </testcase> <!-- @BeforeTest extentReports -->
  <testcase name="@BeforeTest setUpApplication" time="0.0" classname="com.framework.testbase.TestBsae">
    <ignored/>
  </testcase> <!-- @BeforeTest setUpApplication -->
  <testcase name="@AfterTest endExtendedReport" time="0.0" classname="com.framework.testbase.TestBsae">
    <ignored/>
  </testcase> <!-- @AfterTest endExtendedReport -->
</testsuite> <!-- CreatePackage2 -->
